Determining if the pthread_create exist failed with the following output:
Change Dir: /home/cs104/Desktop/grading_testing/grading-tools/hw1_sol/hw1_tests/CMakeFiles/CMakeTmp

Run Build Command:"/usr/bin/make" "cmTC_4e2f1/fast"
/usr/bin/make -f CMakeFiles/cmTC_4e2f1.dir/build.make CMakeFiles/cmTC_4e2f1.dir/build
make[1]: Entering directory '/home/cs104/Desktop/grading_testing/grading-tools/hw1_sol/hw1_tests/CMakeFiles/CMakeTmp'
Building C object CMakeFiles/cmTC_4e2f1.dir/CheckSymbolExists.c.o
/usr/bin/cc     -o CMakeFiles/cmTC_4e2f1.dir/CheckSymbolExists.c.o   -c /home/cs104/Desktop/grading_testing/grading-tools/hw1_sol/hw1_tests/CMakeFiles/CMakeTmp/CheckSymbolExists.c
Linking C executable cmTC_4e2f1
/usr/bin/cmake -E cmake_link_script CMakeFiles/cmTC_4e2f1.dir/link.txt --verbose=1
/usr/bin/cc       CMakeFiles/cmTC_4e2f1.dir/CheckSymbolExists.c.o  -o cmTC_4e2f1 
CMakeFiles/cmTC_4e2f1.dir/CheckSymbolExists.c.o: In function `main':
CheckSymbolExists.c:(.text+0x16): undefined reference to `pthread_create'
collect2: error: ld returned 1 exit status
CMakeFiles/cmTC_4e2f1.dir/build.make:97: recipe for target 'cmTC_4e2f1' failed
make[1]: *** [cmTC_4e2f1] Error 1
make[1]: Leaving directory '/home/cs104/Desktop/grading_testing/grading-tools/hw1_sol/hw1_tests/CMakeFiles/CMakeTmp'
Makefile:126: recipe for target 'cmTC_4e2f1/fast' failed
make: *** [cmTC_4e2f1/fast] Error 2

File /home/cs104/Desktop/grading_testing/grading-tools/hw1_sol/hw1_tests/CMakeFiles/CMakeTmp/CheckSymbolExists.c:
/* */
#include <pthread.h>

int main(int argc, char** argv)
{
  (void)argv;
#ifndef pthread_create
  return ((int*)(&pthread_create))[argc];
#else
  (void)argc;
  return 0;
#endif
}

Determining if the function pthread_create exists in the pthreads failed with the following output:
Change Dir: /home/cs104/Desktop/grading_testing/grading-tools/hw1_sol/hw1_tests/CMakeFiles/CMakeTmp

Run Build Command:"/usr/bin/make" "cmTC_d98d9/fast"
/usr/bin/make -f CMakeFiles/cmTC_d98d9.dir/build.make CMakeFiles/cmTC_d98d9.dir/build
make[1]: Entering directory '/home/cs104/Desktop/grading_testing/grading-tools/hw1_sol/hw1_tests/CMakeFiles/CMakeTmp'
Building C object CMakeFiles/cmTC_d98d9.dir/CheckFunctionExists.c.o
/usr/bin/cc    -DCHECK_FUNCTION_EXISTS=pthread_create   -o CMakeFiles/cmTC_d98d9.dir/CheckFunctionExists.c.o   -c /usr/share/cmake-3.5/Modules/CheckFunctionExists.c
Linking C executable cmTC_d98d9
/usr/bin/cmake -E cmake_link_script CMakeFiles/cmTC_d98d9.dir/link.txt --verbose=1
/usr/bin/cc   -DCHECK_FUNCTION_EXISTS=pthread_create    CMakeFiles/cmTC_d98d9.dir/CheckFunctionExists.c.o  -o cmTC_d98d9 -lpthreads 
/usr/bin/ld: cannot find -lpthreads
collect2: error: ld returned 1 exit status
CMakeFiles/cmTC_d98d9.dir/build.make:97: recipe for target 'cmTC_d98d9' failed
make[1]: *** [cmTC_d98d9] Error 1
make[1]: Leaving directory '/home/cs104/Desktop/grading_testing/grading-tools/hw1_sol/hw1_tests/CMakeFiles/CMakeTmp'
Makefile:126: recipe for target 'cmTC_d98d9/fast' failed
make: *** [cmTC_d98d9/fast] Error 2


Checking whether C++ compiler has '__int64' failed to compile with the following output:
Change Dir: /home/cs104/Desktop/grading_testing/grading-tools/hw1_sol/hw1_tests/testing_utils/kwsys/CMakeFiles/CMakeTmp

Run Build Command:"/usr/bin/make" "cmTC_becf8/fast"
/usr/bin/make -f CMakeFiles/cmTC_becf8.dir/build.make CMakeFiles/cmTC_becf8.dir/build
make[1]: Entering directory '/home/cs104/Desktop/grading_testing/grading-tools/hw1_sol/hw1_tests/testing_utils/kwsys/CMakeFiles/CMakeTmp'
Building CXX object CMakeFiles/cmTC_becf8.dir/kwsysPlatformTestsCXX.cxx.o
/usr/bin/c++   -DTEST_KWSYS_CXX_HAS___INT64  -Wall    -o CMakeFiles/cmTC_becf8.dir/kwsysPlatformTestsCXX.cxx.o -c /home/cs104/Desktop/grading_testing/grading-tools/hw1_sol/hw1_tests/testing_utils/kwsys/kwsysPlatformTestsCXX.cxx
/home/cs104/Desktop/grading_testing/grading-tools/hw1_sol/hw1_tests/testing_utils/kwsys/kwsysPlatformTestsCXX.cxx:24:1: error: ‘__int64’ does not name a type
 __int64 f(__int64 n)
 ^
/home/cs104/Desktop/grading_testing/grading-tools/hw1_sol/hw1_tests/testing_utils/kwsys/kwsysPlatformTestsCXX.cxx: In function ‘int main()’:
/home/cs104/Desktop/grading_testing/grading-tools/hw1_sol/hw1_tests/testing_utils/kwsys/kwsysPlatformTestsCXX.cxx:30:3: error: ‘__int64’ was not declared in this scope
   __int64 n = 0;
   ^
/home/cs104/Desktop/grading_testing/grading-tools/hw1_sol/hw1_tests/testing_utils/kwsys/kwsysPlatformTestsCXX.cxx:31:29: error: ‘n’ was not declared in this scope
   return static_cast<int>(f(n));
                             ^
/home/cs104/Desktop/grading_testing/grading-tools/hw1_sol/hw1_tests/testing_utils/kwsys/kwsysPlatformTestsCXX.cxx:31:30: error: ‘f’ was not declared in this scope
   return static_cast<int>(f(n));
                              ^
CMakeFiles/cmTC_becf8.dir/build.make:65: recipe for target 'CMakeFiles/cmTC_becf8.dir/kwsysPlatformTestsCXX.cxx.o' failed
make[1]: *** [CMakeFiles/cmTC_becf8.dir/kwsysPlatformTestsCXX.cxx.o] Error 1
make[1]: Leaving directory '/home/cs104/Desktop/grading_testing/grading-tools/hw1_sol/hw1_tests/testing_utils/kwsys/CMakeFiles/CMakeTmp'
Makefile:126: recipe for target 'cmTC_becf8/fast' failed
make: *** [cmTC_becf8/fast] Error 2


Checking whether CXX compiler has environ in stdlib.h failed to compile with the following output:
Change Dir: /home/cs104/Desktop/grading_testing/grading-tools/hw1_sol/hw1_tests/testing_utils/kwsys/CMakeFiles/CMakeTmp

Run Build Command:"/usr/bin/make" "cmTC_0018c/fast"
/usr/bin/make -f CMakeFiles/cmTC_0018c.dir/build.make CMakeFiles/cmTC_0018c.dir/build
make[1]: Entering directory '/home/cs104/Desktop/grading_testing/grading-tools/hw1_sol/hw1_tests/testing_utils/kwsys/CMakeFiles/CMakeTmp'
Building CXX object CMakeFiles/cmTC_0018c.dir/kwsysPlatformTestsCXX.cxx.o
/usr/bin/c++   -DTEST_KWSYS_CXX_HAS_ENVIRON_IN_STDLIB_H  -Wall    -o CMakeFiles/cmTC_0018c.dir/kwsysPlatformTestsCXX.cxx.o -c /home/cs104/Desktop/grading_testing/grading-tools/hw1_sol/hw1_tests/testing_utils/kwsys/kwsysPlatformTestsCXX.cxx
/home/cs104/Desktop/grading_testing/grading-tools/hw1_sol/hw1_tests/testing_utils/kwsys/kwsysPlatformTestsCXX.cxx: In function ‘int main()’:
/home/cs104/Desktop/grading_testing/grading-tools/hw1_sol/hw1_tests/testing_utils/kwsys/kwsysPlatformTestsCXX.cxx:196:13: error: ‘environ’ was not declared in this scope
   char* e = environ[0];
             ^
CMakeFiles/cmTC_0018c.dir/build.make:65: recipe for target 'CMakeFiles/cmTC_0018c.dir/kwsysPlatformTestsCXX.cxx.o' failed
make[1]: *** [CMakeFiles/cmTC_0018c.dir/kwsysPlatformTestsCXX.cxx.o] Error 1
make[1]: Leaving directory '/home/cs104/Desktop/grading_testing/grading-tools/hw1_sol/hw1_tests/testing_utils/kwsys/CMakeFiles/CMakeTmp'
Makefile:126: recipe for target 'cmTC_0018c/fast' failed
make: *** [cmTC_0018c/fast] Error 2


Checking whether CXX compiler struct stat has st_mtimespec member failed to compile with the following output:
Change Dir: /home/cs104/Desktop/grading_testing/grading-tools/hw1_sol/hw1_tests/testing_utils/kwsys/CMakeFiles/CMakeTmp

Run Build Command:"/usr/bin/make" "cmTC_f9e50/fast"
/usr/bin/make -f CMakeFiles/cmTC_f9e50.dir/build.make CMakeFiles/cmTC_f9e50.dir/build
make[1]: Entering directory '/home/cs104/Desktop/grading_testing/grading-tools/hw1_sol/hw1_tests/testing_utils/kwsys/CMakeFiles/CMakeTmp'
Building CXX object CMakeFiles/cmTC_f9e50.dir/kwsysPlatformTestsCXX.cxx.o
/usr/bin/c++   -DTEST_KWSYS_CXX_STAT_HAS_ST_MTIMESPEC  -Wall    -o CMakeFiles/cmTC_f9e50.dir/kwsysPlatformTestsCXX.cxx.o -c /home/cs104/Desktop/grading_testing/grading-tools/hw1_sol/hw1_tests/testing_utils/kwsys/kwsysPlatformTestsCXX.cxx
/home/cs104/Desktop/grading_testing/grading-tools/hw1_sol/hw1_tests/testing_utils/kwsys/kwsysPlatformTestsCXX.cxx: In function ‘int main()’:
/home/cs104/Desktop/grading_testing/grading-tools/hw1_sol/hw1_tests/testing_utils/kwsys/kwsysPlatformTestsCXX.cxx:57:15: error: ‘struct stat’ has no member named ‘st_mtimespec’
   (void)stat1.st_mtimespec.tv_sec;
               ^
/home/cs104/Desktop/grading_testing/grading-tools/hw1_sol/hw1_tests/testing_utils/kwsys/kwsysPlatformTestsCXX.cxx:58:15: error: ‘struct stat’ has no member named ‘st_mtimespec’
   (void)stat1.st_mtimespec.tv_nsec;
               ^
CMakeFiles/cmTC_f9e50.dir/build.make:65: recipe for target 'CMakeFiles/cmTC_f9e50.dir/kwsysPlatformTestsCXX.cxx.o' failed
make[1]: *** [CMakeFiles/cmTC_f9e50.dir/kwsysPlatformTestsCXX.cxx.o] Error 1
make[1]: Leaving directory '/home/cs104/Desktop/grading_testing/grading-tools/hw1_sol/hw1_tests/testing_utils/kwsys/CMakeFiles/CMakeTmp'
Makefile:126: recipe for target 'cmTC_f9e50/fast' failed
make: *** [cmTC_f9e50/fast] Error 2


Performing C SOURCE FILE Test CMAKE_HAVE_LIBC_PTHREAD failed with the following output:
Change Dir: /work/hw-rbabayan/hw1/hw1_tests/CMakeFiles/CMakeTmp

Run Build Command(s):/usr/bin/make cmTC_b0793/fast && /usr/bin/make -f CMakeFiles/cmTC_b0793.dir/build.make CMakeFiles/cmTC_b0793.dir/build
make[1]: Entering directory '/work/hw-rbabayan/hw1/hw1_tests/CMakeFiles/CMakeTmp'
Building C object CMakeFiles/cmTC_b0793.dir/src.c.o
/usr/bin/cc   -DCMAKE_HAVE_LIBC_PTHREAD   -o CMakeFiles/cmTC_b0793.dir/src.c.o   -c /work/hw-rbabayan/hw1/hw1_tests/CMakeFiles/CMakeTmp/src.c
Linking C executable cmTC_b0793
/usr/bin/cmake -E cmake_link_script CMakeFiles/cmTC_b0793.dir/link.txt --verbose=1
/usr/bin/cc  -DCMAKE_HAVE_LIBC_PTHREAD    CMakeFiles/cmTC_b0793.dir/src.c.o  -o cmTC_b0793 
/usr/bin/ld: CMakeFiles/cmTC_b0793.dir/src.c.o: in function `main':
src.c:(.text+0x46): undefined reference to `pthread_create'
/usr/bin/ld: src.c:(.text+0x52): undefined reference to `pthread_detach'
/usr/bin/ld: src.c:(.text+0x63): undefined reference to `pthread_join'
collect2: error: ld returned 1 exit status
make[1]: *** [CMakeFiles/cmTC_b0793.dir/build.make:87: cmTC_b0793] Error 1
make[1]: Leaving directory '/work/hw-rbabayan/hw1/hw1_tests/CMakeFiles/CMakeTmp'
make: *** [Makefile:121: cmTC_b0793/fast] Error 2


Source file was:
#include <pthread.h>

void* test_func(void* data)
{
  return data;
}

int main(void)
{
  pthread_t thread;
  pthread_create(&thread, NULL, test_func, NULL);
  pthread_detach(thread);
  pthread_join(thread, NULL);
  pthread_atfork(NULL, NULL, NULL);
  pthread_exit(NULL);

  return 0;
}

Determining if the function pthread_create exists in the pthreads failed with the following output:
Change Dir: /work/hw-rbabayan/hw1/hw1_tests/CMakeFiles/CMakeTmp

Run Build Command(s):/usr/bin/make cmTC_52cdd/fast && /usr/bin/make -f CMakeFiles/cmTC_52cdd.dir/build.make CMakeFiles/cmTC_52cdd.dir/build
make[1]: Entering directory '/work/hw-rbabayan/hw1/hw1_tests/CMakeFiles/CMakeTmp'
Building C object CMakeFiles/cmTC_52cdd.dir/CheckFunctionExists.c.o
/usr/bin/cc   -DCHECK_FUNCTION_EXISTS=pthread_create   -o CMakeFiles/cmTC_52cdd.dir/CheckFunctionExists.c.o   -c /usr/share/cmake-3.16/Modules/CheckFunctionExists.c
Linking C executable cmTC_52cdd
/usr/bin/cmake -E cmake_link_script CMakeFiles/cmTC_52cdd.dir/link.txt --verbose=1
/usr/bin/cc  -DCHECK_FUNCTION_EXISTS=pthread_create    CMakeFiles/cmTC_52cdd.dir/CheckFunctionExists.c.o  -o cmTC_52cdd  -lpthreads 
/usr/bin/ld: cannot find -lpthreads
collect2: error: ld returned 1 exit status
make[1]: *** [CMakeFiles/cmTC_52cdd.dir/build.make:87: cmTC_52cdd] Error 1
make[1]: Leaving directory '/work/hw-rbabayan/hw1/hw1_tests/CMakeFiles/CMakeTmp'
make: *** [Makefile:121: cmTC_52cdd/fast] Error 2



Checking whether C++ compiler has '__int64' failed to compile with the following output:
Change Dir: /work/hw-rbabayan/hw1/hw1_tests/testing_utils/kwsys/CMakeFiles/CMakeTmp

Run Build Command(s):/usr/bin/make cmTC_db754/fast && /usr/bin/make -f CMakeFiles/cmTC_db754.dir/build.make CMakeFiles/cmTC_db754.dir/build
make[1]: Entering directory '/work/hw-rbabayan/hw1/hw1_tests/testing_utils/kwsys/CMakeFiles/CMakeTmp'
Building CXX object CMakeFiles/cmTC_db754.dir/kwsysPlatformTestsCXX.cxx.o
/usr/bin/c++  -DTEST_KWSYS_CXX_HAS___INT64  -Wall    -o CMakeFiles/cmTC_db754.dir/kwsysPlatformTestsCXX.cxx.o -c /work/hw-rbabayan/hw1/hw1_tests/testing_utils/kwsys/kwsysPlatformTestsCXX.cxx
/work/hw-rbabayan/hw1/hw1_tests/testing_utils/kwsys/kwsysPlatformTestsCXX.cxx:24:1: error: '__int64' does not name a type
   24 | __int64 f(__int64 n)
      | ^~~~~~~
/work/hw-rbabayan/hw1/hw1_tests/testing_utils/kwsys/kwsysPlatformTestsCXX.cxx: In function 'int main()':
/work/hw-rbabayan/hw1/hw1_tests/testing_utils/kwsys/kwsysPlatformTestsCXX.cxx:30:3: error: '__int64' was not declared in this scope
   30 |   __int64 n = 0;
      |   ^~~~~~~
/work/hw-rbabayan/hw1/hw1_tests/testing_utils/kwsys/kwsysPlatformTestsCXX.cxx:31:29: error: 'n' was not declared in this scope
   31 |   return static_cast<int>(f(n));
      |                             ^
/work/hw-rbabayan/hw1/hw1_tests/testing_utils/kwsys/kwsysPlatformTestsCXX.cxx:31:27: error: 'f' was not declared in this scope
   31 |   return static_cast<int>(f(n));
      |                           ^
make[1]: *** [CMakeFiles/cmTC_db754.dir/build.make:66: CMakeFiles/cmTC_db754.dir/kwsysPlatformTestsCXX.cxx.o] Error 1
make[1]: Leaving directory '/work/hw-rbabayan/hw1/hw1_tests/testing_utils/kwsys/CMakeFiles/CMakeTmp'
make: *** [Makefile:121: cmTC_db754/fast] Error 2



Checking whether CXX compiler has environ in stdlib.h failed to compile with the following output:
Change Dir: /work/hw-rbabayan/hw1/hw1_tests/testing_utils/kwsys/CMakeFiles/CMakeTmp

Run Build Command(s):/usr/bin/make cmTC_e09b9/fast && /usr/bin/make -f CMakeFiles/cmTC_e09b9.dir/build.make CMakeFiles/cmTC_e09b9.dir/build
make[1]: Entering directory '/work/hw-rbabayan/hw1/hw1_tests/testing_utils/kwsys/CMakeFiles/CMakeTmp'
Building CXX object CMakeFiles/cmTC_e09b9.dir/kwsysPlatformTestsCXX.cxx.o
/usr/bin/c++  -DTEST_KWSYS_CXX_HAS_ENVIRON_IN_STDLIB_H  -Wall    -o CMakeFiles/cmTC_e09b9.dir/kwsysPlatformTestsCXX.cxx.o -c /work/hw-rbabayan/hw1/hw1_tests/testing_utils/kwsys/kwsysPlatformTestsCXX.cxx
/work/hw-rbabayan/hw1/hw1_tests/testing_utils/kwsys/kwsysPlatformTestsCXX.cxx: In function 'int main()':
/work/hw-rbabayan/hw1/hw1_tests/testing_utils/kwsys/kwsysPlatformTestsCXX.cxx:196:13: error: 'environ' was not declared in this scope; did you mean 'union'?
  196 |   char* e = environ[0];
      |             ^~~~~~~
      |             union
make[1]: *** [CMakeFiles/cmTC_e09b9.dir/build.make:66: CMakeFiles/cmTC_e09b9.dir/kwsysPlatformTestsCXX.cxx.o] Error 1
make[1]: Leaving directory '/work/hw-rbabayan/hw1/hw1_tests/testing_utils/kwsys/CMakeFiles/CMakeTmp'
make: *** [Makefile:121: cmTC_e09b9/fast] Error 2



Checking whether CXX compiler struct stat has st_mtimespec member failed to compile with the following output:
Change Dir: /work/hw-rbabayan/hw1/hw1_tests/testing_utils/kwsys/CMakeFiles/CMakeTmp

Run Build Command(s):/usr/bin/make cmTC_4d1f4/fast && /usr/bin/make -f CMakeFiles/cmTC_4d1f4.dir/build.make CMakeFiles/cmTC_4d1f4.dir/build
make[1]: Entering directory '/work/hw-rbabayan/hw1/hw1_tests/testing_utils/kwsys/CMakeFiles/CMakeTmp'
Building CXX object CMakeFiles/cmTC_4d1f4.dir/kwsysPlatformTestsCXX.cxx.o
/usr/bin/c++  -DTEST_KWSYS_CXX_STAT_HAS_ST_MTIMESPEC  -Wall    -o CMakeFiles/cmTC_4d1f4.dir/kwsysPlatformTestsCXX.cxx.o -c /work/hw-rbabayan/hw1/hw1_tests/testing_utils/kwsys/kwsysPlatformTestsCXX.cxx
/work/hw-rbabayan/hw1/hw1_tests/testing_utils/kwsys/kwsysPlatformTestsCXX.cxx: In function 'int main()':
/work/hw-rbabayan/hw1/hw1_tests/testing_utils/kwsys/kwsysPlatformTestsCXX.cxx:57:15: error: 'struct stat' has no member named 'st_mtimespec'
   57 |   (void)stat1.st_mtimespec.tv_sec;
      |               ^~~~~~~~~~~~
/work/hw-rbabayan/hw1/hw1_tests/testing_utils/kwsys/kwsysPlatformTestsCXX.cxx:58:15: error: 'struct stat' has no member named 'st_mtimespec'
   58 |   (void)stat1.st_mtimespec.tv_nsec;
      |               ^~~~~~~~~~~~
make[1]: *** [CMakeFiles/cmTC_4d1f4.dir/build.make:66: CMakeFiles/cmTC_4d1f4.dir/kwsysPlatformTestsCXX.cxx.o] Error 1
make[1]: Leaving directory '/work/hw-rbabayan/hw1/hw1_tests/testing_utils/kwsys/CMakeFiles/CMakeTmp'
make: *** [Makefile:121: cmTC_4d1f4/fast] Error 2



